2015-05-20 23:20:31.357 INFO  jcats.gui.CatsController - EET
2015-05-20 23:20:31.359 INFO  jcats.gui.CatsController - AUD-USD,EUR-USD,GBP-USD,USD-CAD,USD-CHF,USD-JPY,AUD-CAD,AUD-CHF,AUD-JPY,AUD-NZD,EUR-AUD,EUR-CAD,EUR-CHF,EUR-GBP,EUR-JPY,EUR-NZD,GBP-AUD,GBP-CAD,GBP-CHF,GBP-JPY,GBP-NZD,CAD-CHF,CAD-JPY,CHF-JPY,NZD-CHF,NZD-JPY,NZD-USD,
2015-05-20 23:20:31.359 INFO  jcats.gui.CatsController - C:/temp/data/
2015-05-20 23:20:31.360 INFO  jcats.gui.CatsController - C:/temp/import/
2015-05-20 23:35:31.814 INFO  jcats.gui.CatsController - EET
2015-05-20 23:35:31.815 INFO  jcats.gui.CatsController - AUD-USD,EUR-USD,GBP-USD,USD-CAD,USD-CHF,USD-JPY,AUD-CAD,AUD-CHF,AUD-JPY,AUD-NZD,EUR-AUD,EUR-CAD,EUR-CHF,EUR-GBP,EUR-JPY,EUR-NZD,GBP-AUD,GBP-CAD,GBP-CHF,GBP-JPY,GBP-NZD,CAD-CHF,CAD-JPY,CHF-JPY,NZD-CHF,NZD-JPY,NZD-USD,
2015-05-20 23:35:31.816 INFO  jcats.gui.CatsController - C:/temp/data/
2015-05-20 23:35:31.816 INFO  jcats.gui.CatsController - C:/temp/import/
2015-05-20 23:35:48.936 INFO  jcats.gui.CatsController - EET
2015-05-20 23:35:48.936 INFO  jcats.gui.CatsController - AUD-USD,EUR-USD,GBP-USD,USD-CAD,USD-CHF,USD-JPY,AUD-CAD,AUD-CHF,AUD-JPY,AUD-NZD,EUR-AUD,EUR-CAD,EUR-CHF,EUR-GBP,EUR-JPY,EUR-NZD,GBP-AUD,GBP-CAD,GBP-CHF,GBP-JPY,GBP-NZD,CAD-CHF,CAD-JPY,CHF-JPY,NZD-CHF,NZD-JPY,NZD-USD,
2015-05-20 23:35:48.937 INFO  jcats.gui.CatsController - C:/temp/data/
2015-05-20 23:35:48.937 INFO  jcats.gui.CatsController - C:/temp/import/
2015-05-20 23:36:14.731 INFO  jcats.gui.CatsController - EET
2015-05-20 23:36:14.733 INFO  jcats.gui.CatsController - AUD-USD,EUR-USD,GBP-USD,USD-CAD,USD-CHF,USD-JPY,AUD-CAD,AUD-CHF,AUD-JPY,AUD-NZD,EUR-AUD,EUR-CAD,EUR-CHF,EUR-GBP,EUR-JPY,EUR-NZD,GBP-AUD,GBP-CAD,GBP-CHF,GBP-JPY,GBP-NZD,CAD-CHF,CAD-JPY,CHF-JPY,NZD-CHF,NZD-JPY,NZD-USD,
2015-05-20 23:36:14.733 INFO  jcats.gui.CatsController - C:/temp/data/
2015-05-20 23:36:14.734 INFO  jcats.gui.CatsController - C:/temp/import/
2015-05-20 23:36:21.587 INFO  jcats.gui.CatsController - EET
2015-05-20 23:36:21.588 INFO  jcats.gui.CatsController - AUD-USD,EUR-USD,GBP-USD,USD-CAD,USD-CHF,USD-JPY,AUD-CAD,AUD-CHF,AUD-JPY,AUD-NZD,EUR-AUD,EUR-CAD,EUR-CHF,EUR-GBP,EUR-JPY,EUR-NZD,GBP-AUD,GBP-CAD,GBP-CHF,GBP-JPY,GBP-NZD,CAD-CHF,CAD-JPY,CHF-JPY,NZD-CHF,NZD-JPY,NZD-USD,
2015-05-20 23:36:21.589 INFO  jcats.gui.CatsController - C:/temp/data/
2015-05-20 23:36:21.589 INFO  jcats.gui.CatsController - C:/temp/import/
2015-05-20 23:37:00.480 INFO  jcats.gui.CatsController - EET
2015-05-20 23:37:00.481 INFO  jcats.gui.CatsController - AUD-USD,EUR-USD,GBP-USD,USD-CAD,USD-CHF,USD-JPY,AUD-CAD,AUD-CHF,AUD-JPY,AUD-NZD,EUR-AUD,EUR-CAD,EUR-CHF,EUR-GBP,EUR-JPY,EUR-NZD,GBP-AUD,GBP-CAD,GBP-CHF,GBP-JPY,GBP-NZD,CAD-CHF,CAD-JPY,CHF-JPY,NZD-CHF,NZD-JPY,NZD-USD,
2015-05-20 23:37:00.481 INFO  jcats.gui.CatsController - C:/temp/data/
2015-05-20 23:37:00.481 INFO  jcats.gui.CatsController - C:/temp/import/
2015-05-20 23:37:17.654 INFO  jcats.gui.CatsController - EET
2015-05-20 23:37:17.656 INFO  jcats.gui.CatsController - AUD-USD,EUR-USD,GBP-USD,USD-CAD,USD-CHF,USD-JPY,AUD-CAD,AUD-CHF,AUD-JPY,AUD-NZD,EUR-AUD,EUR-CAD,EUR-CHF,EUR-GBP,EUR-JPY,EUR-NZD,GBP-AUD,GBP-CAD,GBP-CHF,GBP-JPY,GBP-NZD,CAD-CHF,CAD-JPY,CHF-JPY,NZD-CHF,NZD-JPY,NZD-USD,
2015-05-20 23:37:17.657 INFO  jcats.gui.CatsController - C:/temp/data/
2015-05-20 23:37:17.658 INFO  jcats.gui.CatsController - C:/temp/import/
2015-05-20 23:37:25.093 INFO  jcats.gui.CatsController - EET
2015-05-20 23:37:25.094 INFO  jcats.gui.CatsController - AUD-USD,EUR-USD,GBP-USD,USD-CAD,USD-CHF,USD-JPY,AUD-CAD,AUD-CHF,AUD-JPY,AUD-NZD,EUR-AUD,EUR-CAD,EUR-CHF,EUR-GBP,EUR-JPY,EUR-NZD,GBP-AUD,GBP-CAD,GBP-CHF,GBP-JPY,GBP-NZD,CAD-CHF,CAD-JPY,CHF-JPY,NZD-CHF,NZD-JPY,NZD-USD,
2015-05-20 23:37:25.094 INFO  jcats.gui.CatsController - C:/temp/data/
2015-05-20 23:37:25.094 INFO  jcats.gui.CatsController - C:/temp/import/
2015-05-20 23:38:23.555 INFO  jcats.gui.CatsController - EET
2015-05-20 23:38:23.556 INFO  jcats.gui.CatsController - AUD-USD,EUR-USD,GBP-USD,USD-CAD,USD-CHF,USD-JPY,AUD-CAD,AUD-CHF,AUD-JPY,AUD-NZD,EUR-AUD,EUR-CAD,EUR-CHF,EUR-GBP,EUR-JPY,EUR-NZD,GBP-AUD,GBP-CAD,GBP-CHF,GBP-JPY,GBP-NZD,CAD-CHF,CAD-JPY,CHF-JPY,NZD-CHF,NZD-JPY,NZD-USD,
2015-05-20 23:38:23.557 INFO  jcats.gui.CatsController - C:/temp/data/
2015-05-20 23:38:23.557 INFO  jcats.gui.CatsController - C:/temp/import/
2015-05-20 23:38:23.748 INFO  jcats.io.TickSeriesWriter - Output tick to C:/temp/data/2015-05/AUD-CAD_2015-05-20.txt
2015-05-20 23:38:35.241 INFO  jcats.gui.CatsController - EET
2015-05-20 23:38:35.242 INFO  jcats.gui.CatsController - AUD-USD,EUR-USD,GBP-USD,USD-CAD,USD-CHF,USD-JPY,AUD-CAD,AUD-CHF,AUD-JPY,AUD-NZD,EUR-AUD,EUR-CAD,EUR-CHF,EUR-GBP,EUR-JPY,EUR-NZD,GBP-AUD,GBP-CAD,GBP-CHF,GBP-JPY,GBP-NZD,CAD-CHF,CAD-JPY,CHF-JPY,NZD-CHF,NZD-JPY,NZD-USD,
2015-05-20 23:38:35.243 INFO  jcats.gui.CatsController - C:/temp/data/
2015-05-20 23:38:35.243 INFO  jcats.gui.CatsController - C:/temp/import/
2015-05-20 23:38:35.394 INFO  jcats.io.TickSeriesWriter - Output tick to C:/temp/data/2015-05/NZD-JPY_2015-05-20.txt
2015-05-20 23:38:35.395 INFO  jcats.io.TickSeriesWriter - Output tick to C:/temp/data/2015-05/EUR-GBP_2015-05-20.txt
2015-05-20 23:38:35.407 INFO  jcats.io.TickSeriesWriter - Output tick to C:/temp/data/2015-05/GBP-CAD_2015-05-20.txt
2015-05-20 23:38:35.418 INFO  jcats.io.TickSeriesWriter - Output tick to C:/temp/data/2015-05/USD-CAD_2015-05-20.txt
2015-05-20 23:38:35.433 INFO  jcats.io.TickSeriesWriter - Output tick to C:/temp/data/2015-05/EUR-NZD_2015-05-20.txt
2015-05-20 23:38:35.437 INFO  jcats.io.TickSeriesWriter - Output tick to C:/temp/data/2015-05/GBP-NZD_2015-05-20.txt
2015-05-20 23:38:35.489 INFO  jcats.io.TickSeriesWriter - Output tick to C:/temp/data/2015-05/GBP-JPY_2015-05-20.txt
2015-05-20 23:38:35.494 INFO  jcats.io.TickSeriesWriter - Output tick to C:/temp/data/2015-05/EUR-CHF_2015-05-20.txt
2015-05-20 23:38:35.496 INFO  jcats.io.TickSeriesWriter - Output tick to C:/temp/data/2015-05/EUR-AUD_2015-05-20.txt
2015-05-20 23:38:35.776 INFO  jcats.io.TickSeriesWriter - Output tick to C:/temp/data/2015-05/GBP-AUD_2015-05-20.txt
2015-05-20 23:38:35.928 INFO  jcats.io.TickSeriesWriter - Output tick to C:/temp/data/2015-05/EUR-USD_2015-05-20.txt
2015-05-20 23:38:35.960 INFO  jcats.io.TickSeriesWriter - Output tick to C:/temp/data/2015-05/EUR-JPY_2015-05-20.txt
2015-05-20 23:38:35.994 INFO  jcats.io.TickSeriesWriter - Output tick to C:/temp/data/2015-05/NZD-CHF_2015-05-20.txt
2015-05-20 23:38:35.994 INFO  jcats.io.TickSeriesWriter - Output tick to C:/temp/data/2015-05/CAD-CHF_2015-05-20.txt
2015-05-20 23:38:36.076 INFO  jcats.io.TickSeriesWriter - Output tick to C:/temp/data/2015-05/EUR-CAD_2015-05-20.txt
2015-05-20 23:38:36.128 INFO  jcats.io.TickSeriesWriter - Output tick to C:/temp/data/2015-05/CAD-JPY_2015-05-20.txt
2015-05-20 23:38:36.166 INFO  jcats.io.TickSeriesWriter - Output tick to C:/temp/data/2015-05/NZD-USD_2015-05-20.txt
2015-05-20 23:38:36.282 INFO  jcats.io.TickSeriesWriter - Output tick to C:/temp/data/2015-05/AUD-CAD_2015-05-20.txt
2015-05-20 23:38:36.307 INFO  jcats.io.TickSeriesWriter - Output tick to C:/temp/data/2015-05/CHF-JPY_2015-05-20.txt
2015-05-20 23:38:36.311 INFO  jcats.io.TickSeriesWriter - Output tick to C:/temp/data/2015-05/AUD-NZD_2015-05-20.txt
2015-05-20 23:38:36.341 INFO  jcats.io.TickSeriesWriter - Output tick to C:/temp/data/2015-05/GBP-CHF_2015-05-20.txt
2015-05-20 23:38:36.348 INFO  jcats.io.TickSeriesWriter - Output tick to C:/temp/data/2015-05/AUD-CHF_2015-05-20.txt
2015-05-20 23:38:36.459 INFO  jcats.io.TickSeriesWriter - Output tick to C:/temp/data/2015-05/GBP-USD_2015-05-20.txt
2015-05-20 23:38:36.472 INFO  jcats.io.TickSeriesWriter - Output tick to C:/temp/data/2015-05/USD-JPY_2015-05-20.txt
2015-05-20 23:38:36.475 INFO  jcats.io.TickSeriesWriter - Output tick to C:/temp/data/2015-05/USD-CHF_2015-05-20.txt
2015-05-20 23:38:36.571 INFO  jcats.io.TickSeriesWriter - Output tick to C:/temp/data/2015-05/AUD-JPY_2015-05-20.txt
2015-05-20 23:38:36.675 INFO  jcats.io.TickSeriesWriter - Output tick to C:/temp/data/2015-05/AUD-USD_2015-05-20.txt
2015-05-20 23:38:54.817 INFO  jcats.gui.CatsController - EET
2015-05-20 23:38:54.818 INFO  jcats.gui.CatsController - AUD-USD,EUR-USD,GBP-USD,USD-CAD,USD-CHF,USD-JPY,AUD-CAD,AUD-CHF,AUD-JPY,AUD-NZD,EUR-AUD,EUR-CAD,EUR-CHF,EUR-GBP,EUR-JPY,EUR-NZD,GBP-AUD,GBP-CAD,GBP-CHF,GBP-JPY,GBP-NZD,CAD-CHF,CAD-JPY,CHF-JPY,NZD-CHF,NZD-JPY,NZD-USD,
2015-05-20 23:38:54.819 INFO  jcats.gui.CatsController - C:/temp/data/
2015-05-20 23:38:54.819 INFO  jcats.gui.CatsController - C:/temp/import/
2015-05-20 23:39:20.117 INFO  jcats.gui.CatsController - EET
2015-05-20 23:39:20.118 INFO  jcats.gui.CatsController - AUD-USD,EUR-USD,GBP-USD,USD-CAD,USD-CHF,USD-JPY,AUD-CAD,AUD-CHF,AUD-JPY,AUD-NZD,EUR-AUD,EUR-CAD,EUR-CHF,EUR-GBP,EUR-JPY,EUR-NZD,GBP-AUD,GBP-CAD,GBP-CHF,GBP-JPY,GBP-NZD,CAD-CHF,CAD-JPY,CHF-JPY,NZD-CHF,NZD-JPY,NZD-USD,
2015-05-20 23:39:20.118 INFO  jcats.gui.CatsController - C:/temp/data/
2015-05-20 23:39:20.119 INFO  jcats.gui.CatsController - C:/temp/import/
2015-05-20 23:41:45.517 INFO  jcats.gui.CatsController - EET
2015-05-20 23:41:45.518 INFO  jcats.gui.CatsController - AUD-USD,EUR-USD,GBP-USD,USD-CAD,USD-CHF,USD-JPY,AUD-CAD,AUD-CHF,AUD-JPY,AUD-NZD,EUR-AUD,EUR-CAD,EUR-CHF,EUR-GBP,EUR-JPY,EUR-NZD,GBP-AUD,GBP-CAD,GBP-CHF,GBP-JPY,GBP-NZD,CAD-CHF,CAD-JPY,CHF-JPY,NZD-CHF,NZD-JPY,NZD-USD,
2015-05-20 23:41:45.518 INFO  jcats.gui.CatsController - C:/temp/data/
2015-05-20 23:41:45.518 INFO  jcats.gui.CatsController - C:/temp/import/
